{"logTime": "0615/042238", "correlationVector":"iK5zEa41ggS/HznsDFi4jU.1","action":"SyncServerConnectionManagerRequest", "result":"SYNC_SERVER_OK", "context":{"environment":"Prod_SoutheastAsia_000j", "migrationStage":"NotStarted", "server":"GENERAL0100000V"}}
{"logTime": "0615/042238", "correlationVector":"iK5zEa41ggS/HznsDFi4jU","action":"Initial GetUpdates", "result":"", "context":Reason: NEW_CLIENT. cV=iK5zEa41ggS/HznsDFi4jU}
{"logTime": "0615/042238", "correlationVector":"iK5zEa41ggS/HznsDFi4jU.2","action":"GetUpdates Response", "result":"Success", "context":Received 1 update(s). cV=iK5zEa41ggS/HznsDFi4jU.0;server=GENERAL0100000V;cloudType=Consumer;environment=Prod_SoutheastAsia_000j;migrationStage=NotStarted}
{"logTime": "0615/042238", "correlationVector":"kfDBcX+/8BFQGbC251jOy5","action":"Initial GetUpdates", "result":"", "context":Reason: NEWLY_SUPPORTED_DATATYPE. cV=kfDBcX+/8BFQGbC251jOy5}
{"logTime": "0615/042238", "correlationVector":"kfDBcX+/8BFQGbC251jOy5.1","action":"SyncServerConnectionManagerRequest", "result":"SYNC_SERVER_OK", "context":{"environment":"Prod_SoutheastAsia_000j", "migrationStage":"NotStarted", "server":"GENERAL0300001F"}}
{"logTime": "0615/042238", "correlationVector":"kfDBcX+/8BFQGbC251jOy5.2","action":"GetUpdates Response", "result":"Success", "context":Received 12 update(s). cV=kfDBcX+/8BFQGbC251jOy5.0;server=GENERAL0300001F;cloudType=Consumer;environment=Prod_SoutheastAsia_000j;migrationStage=NotStarted}
{"logTime": "0615/042238", "correlationVector":"RQObrDzg1QjPHuVUhqagDh","action":"SyncServerConnectionManagerRequest", "result":"SYNC_SERVER_OK", "context":{"environment":"", "migrationStage":"", "server":""}}
{"logTime": "0615/042238", "correlationVector":"mbXS3M+Z9okntWRaqezweK","action":"Normal GetUpdate request", "result":"", "context":cV=mbXS3M+Z9okntWRaqezweK
Nudged types: Device Info
Refresh requested types: Device Info, User Consents, Send Tab To Self, Encryption Keys}
{"logTime": "0615/042238", "correlationVector":"mbXS3M+Z9okntWRaqezweK.1","action":"SyncServerConnectionManagerRequest", "result":"SYNC_SERVER_OK", "context":{"environment":"Prod_SoutheastAsia_000j", "migrationStage":"NotStarted", "server":"GENERAL03000009"}}
{"logTime": "0615/042238", "correlationVector":"mbXS3M+Z9okntWRaqezweK.2","action":"GetUpdates Response", "result":"Success", "context":Received 0 update(s). cV=mbXS3M+Z9okntWRaqezweK.0;server=GENERAL03000009;cloudType=Consumer;environment=Prod_SoutheastAsia_000j;migrationStage=NotStarted}
{"logTime": "0615/042238", "correlationVector":"gWLiJgn6krDS/0lk1zgjmF","action":"Commit Request", "result":"", "context":Item count: 1
Contributing types: Device Info}
{"logTime": "0615/042238", "correlationVector":"gWLiJgn6krDS/0lk1zgjmF.1","action":"SyncServerConnectionManagerRequest", "result":"SYNC_SERVER_OK", "context":{"environment":"Prod_SoutheastAsia_000j", "migrationStage":"NotStarted", "server":"GENERAL0100000A"}}
{"logTime": "0615/042238", "correlationVector":"gWLiJgn6krDS/0lk1zgjmF.2","action":"Commit Response", "result":"Success", "context":Result: Success. cV=gWLiJgn6krDS/0lk1zgjmF.0;server=GENERAL0100000A;cloudType=Consumer;environment=Prod_SoutheastAsia_000j;migrationStage=NotStarted}
{"logTime": "0615/042238", "correlationVector":"ykQcb1SdqQSL1uAev1iLPN","action":"Normal GetUpdate request", "result":"", "context":cV=ykQcb1SdqQSL1uAev1iLPN
Nudged types: Device Info
Refresh requested types: Device Info, User Consents, Send Tab To Self, Encryption Keys}
{"logTime": "0615/042238", "correlationVector":"ykQcb1SdqQSL1uAev1iLPN.1","action":"SyncServerConnectionManagerRequest", "result":"SYNC_SERVER_OK", "context":{"environment":"Prod_SoutheastAsia_000j", "migrationStage":"NotStarted", "server":"GENERAL0300001V"}}
{"logTime": "0615/042238", "correlationVector":"ykQcb1SdqQSL1uAev1iLPN.2","action":"GetUpdates Response", "result":"Success", "context":Received 1 update(s). cV=ykQcb1SdqQSL1uAev1iLPN.0;server=GENERAL0300001V;cloudType=Consumer;environment=Prod_SoutheastAsia_000j;migrationStage=NotStarted}
{"logTime": "0615/042716", "correlationVector":"mIwEx/UD+6JhcalF2qJ0kc","action":"Normal GetUpdate request", "result":"", "context":cV=mIwEx/UD+6JhcalF2qJ0kc
Refresh requested types: Device Info, User Consents, Send Tab To Self, Encryption Keys}
{"logTime": "0615/042716", "correlationVector":"mIwEx/UD+6JhcalF2qJ0kc.1","action":"SyncServerConnectionManagerRequest", "result":"SYNC_SERVER_OK", "context":{"environment":"Prod_SoutheastAsia_000j", "migrationStage":"NotStarted", "server":"GENERAL0100000I"}}
{"logTime": "0615/042716", "correlationVector":"mIwEx/UD+6JhcalF2qJ0kc.2","action":"GetUpdates Response", "result":"Success", "context":Received 0 update(s). cV=mIwEx/UD+6JhcalF2qJ0kc.0;server=GENERAL0100000I;cloudType=Consumer;environment=Prod_SoutheastAsia_000j;migrationStage=NotStarted}
{"logTime": "0615/050903", "correlationVector":"BdglvxQqmM984wkrtuYqKS.1","action":"SyncServerConnectionManagerRequest", "result":"SYNC_SERVER_OK", "context":{"environment":"Prod_SoutheastAsia_000j", "migrationStage":"NotStarted", "server":"GENERAL0300002E"}}
{"logTime": "0615/050903", "correlationVector":"BdglvxQqmM984wkrtuYqKS","action":"Initial GetUpdates", "result":"", "context":Reason: NEW_CLIENT. cV=BdglvxQqmM984wkrtuYqKS}
{"logTime": "0615/050903", "correlationVector":"BdglvxQqmM984wkrtuYqKS.2","action":"GetUpdates Response", "result":"Success", "context":Received 1 update(s). cV=BdglvxQqmM984wkrtuYqKS.0;server=GENERAL0300002E;cloudType=Consumer;environment=Prod_SoutheastAsia_000j;migrationStage=NotStarted}
{"logTime": "0615/050903", "correlationVector":"GxDdLJzX4o4AJmNI3W3wvT","action":"Normal GetUpdate request", "result":"", "context":cV=GxDdLJzX4o4AJmNI3W3wvT
Refresh requested types: Device Info, User Consents, Send Tab To Self, Encryption Keys}
{"logTime": "0615/050903", "correlationVector":"GxDdLJzX4o4AJmNI3W3wvT.1","action":"SyncServerConnectionManagerRequest", "result":"SYNC_SERVER_OK", "context":{"environment":"Prod_SoutheastAsia_000j", "migrationStage":"NotStarted", "server":"GENERAL0100001E"}}
{"logTime": "0615/050903", "correlationVector":"GxDdLJzX4o4AJmNI3W3wvT.2","action":"GetUpdates Response", "result":"Success", "context":Received 0 update(s). cV=GxDdLJzX4o4AJmNI3W3wvT.0;server=GENERAL0100001E;cloudType=Consumer;environment=Prod_SoutheastAsia_000j;migrationStage=NotStarted}
{"logTime": "0615/051359", "correlationVector":"gacaIYrmq2J5yjt0Fbt/1o","action":"SyncServerConnectionManagerRequest", "result":"CONNECTION_UNAVAILABLE", "context":{"error_type":"net_error_code", "error_value":"-106"}}
{"logTime": "0615/051437", "correlationVector":"2nLpj+l86YRT44Tcq1Vep8.1","action":"SyncServerConnectionManagerRequest", "result":"SYNC_SERVER_OK", "context":{"environment":"Prod_SoutheastAsia_000j", "migrationStage":"NotStarted", "server":"GENERAL0100000Y"}}
{"logTime": "0615/051643", "correlationVector":"+7eS9vunVeeVf0aTkveW6u.1","action":"SyncServerConnectionManagerRequest", "result":"SYNC_SERVER_OK", "context":{"environment":"Prod_SoutheastAsia_000j", "migrationStage":"NotStarted", "server":"GENERAL0300000D"}}
{"logTime": "0615/051643", "correlationVector":"+7eS9vunVeeVf0aTkveW6u","action":"Initial GetUpdates", "result":"", "context":Reason: NEW_CLIENT. cV=+7eS9vunVeeVf0aTkveW6u}
{"logTime": "0615/051643", "correlationVector":"+7eS9vunVeeVf0aTkveW6u.2","action":"GetUpdates Response", "result":"Success", "context":Received 1 update(s). cV=+7eS9vunVeeVf0aTkveW6u.0;server=GENERAL0300000D;cloudType=Consumer;environment=Prod_SoutheastAsia_000j;migrationStage=NotStarted}
{"logTime": "0615/051643", "correlationVector":"wPN6qVP9cvyu2wDDNrkB92","action":"Normal GetUpdate request", "result":"", "context":cV=wPN6qVP9cvyu2wDDNrkB92
Refresh requested types: Device Info, User Consents, Send Tab To Self, Encryption Keys}
{"logTime": "0615/051643", "correlationVector":"wPN6qVP9cvyu2wDDNrkB92.1","action":"SyncServerConnectionManagerRequest", "result":"SYNC_SERVER_OK", "context":{"environment":"Prod_SoutheastAsia_000j", "migrationStage":"NotStarted", "server":"GENERAL0300003J"}}
{"logTime": "0615/051643", "correlationVector":"wPN6qVP9cvyu2wDDNrkB92.2","action":"GetUpdates Response", "result":"Success", "context":Received 0 update(s). cV=wPN6qVP9cvyu2wDDNrkB92.0;server=GENERAL0300003J;cloudType=Consumer;environment=Prod_SoutheastAsia_000j;migrationStage=NotStarted}
{"logTime": "0615/052138", "correlationVector":"5aOdwdgnYwZKKG+lE1eGNl","action":"SyncServerConnectionManagerRequest", "result":"SYNC_SERVER_ERROR", "context":{"environment":"", "error_type":"http_status_code", "error_value":"400", "migrationStage":"", "server":""}}
{"logTime": "0615/052138", "correlationVector":"y13UR7H+BoziHUVORcPgvm","action":"Normal GetUpdate request", "result":"", "context":cV=y13UR7H+BoziHUVORcPgvm
Refresh requested types: Device Info, User Consents, Send Tab To Self, Encryption Keys}
{"logTime": "0615/052140", "correlationVector":"y13UR7H+BoziHUVORcPgvm.1","action":"SyncServerConnectionManagerRequest", "result":"SYNC_SERVER_OK", "context":{"environment":"Prod_SoutheastAsia_000j", "migrationStage":"NotStarted", "server":"GENERAL01000009"}}
{"logTime": "0615/052140", "correlationVector":"y13UR7H+BoziHUVORcPgvm.2","action":"GetUpdates Response", "result":"Success", "context":Received 0 update(s). cV=y13UR7H+BoziHUVORcPgvm.0;server=GENERAL01000009;cloudType=Consumer;environment=Prod_SoutheastAsia_000j;migrationStage=NotStarted}
{"logTime": "0615/052607", "correlationVector":"R+ubiTJ/cbNq0Vc2H1rLnz.1","action":"SyncServerConnectionManagerRequest", "result":"SYNC_SERVER_OK", "context":{"environment":"Prod_SoutheastAsia_000j", "migrationStage":"NotStarted", "server":"GENERAL03000007"}}
{"logTime": "0615/052607", "correlationVector":"R+ubiTJ/cbNq0Vc2H1rLnz","action":"Initial GetUpdates", "result":"", "context":Reason: NEW_CLIENT. cV=R+ubiTJ/cbNq0Vc2H1rLnz}
{"logTime": "0615/052607", "correlationVector":"R+ubiTJ/cbNq0Vc2H1rLnz.2","action":"GetUpdates Response", "result":"Success", "context":Received 1 update(s). cV=R+ubiTJ/cbNq0Vc2H1rLnz.0;server=GENERAL03000007;cloudType=Consumer;environment=Prod_SoutheastAsia_000j;migrationStage=NotStarted}
{"logTime": "0615/052607", "correlationVector":"HEO9lUF47USlBD9WmSLVHI","action":"Normal GetUpdate request", "result":"", "context":cV=HEO9lUF47USlBD9WmSLVHI
Refresh requested types: Device Info, User Consents, Send Tab To Self, Encryption Keys}
{"logTime": "0615/052607", "correlationVector":"HEO9lUF47USlBD9WmSLVHI.1","action":"SyncServerConnectionManagerRequest", "result":"SYNC_SERVER_OK", "context":{"environment":"Prod_SoutheastAsia_000j", "migrationStage":"NotStarted", "server":"GENERAL0100000W"}}
{"logTime": "0615/052607", "correlationVector":"HEO9lUF47USlBD9WmSLVHI.2","action":"GetUpdates Response", "result":"Success", "context":Received 0 update(s). cV=HEO9lUF47USlBD9WmSLVHI.0;server=GENERAL0100000W;cloudType=Consumer;environment=Prod_SoutheastAsia_000j;migrationStage=NotStarted}
{"logTime": "0615/053055", "correlationVector":"TYMCrO3/ncnr8MBQqeeFEQ","action":"SyncServerConnectionManagerRequest", "result":"SYNC_SERVER_ERROR", "context":{"environment":"", "error_type":"http_status_code", "error_value":"400", "migrationStage":"", "server":""}}
{"logTime": "0615/053055", "correlationVector":"3Qd77tY67TkiW6jdLZV6Ud","action":"Normal GetUpdate request", "result":"", "context":cV=3Qd77tY67TkiW6jdLZV6Ud
Refresh requested types: Device Info, User Consents, Send Tab To Self, Encryption Keys}
{"logTime": "0615/053056", "correlationVector":"3Qd77tY67TkiW6jdLZV6Ud.1","action":"SyncServerConnectionManagerRequest", "result":"SYNC_SERVER_OK", "context":{"environment":"Prod_SoutheastAsia_000j", "migrationStage":"NotStarted", "server":"GENERAL0100001E"}}
{"logTime": "0615/053056", "correlationVector":"3Qd77tY67TkiW6jdLZV6Ud.2","action":"GetUpdates Response", "result":"Success", "context":Received 0 update(s). cV=3Qd77tY67TkiW6jdLZV6Ud.0;server=GENERAL0100001E;cloudType=Consumer;environment=Prod_SoutheastAsia_000j;migrationStage=NotStarted}
{"logTime": "0615/060545", "correlationVector":"KQ953hwen2BqNSSSiZQ1xM.1","action":"SyncServerConnectionManagerRequest", "result":"SYNC_SERVER_OK", "context":{"environment":"Prod_SoutheastAsia_000j", "migrationStage":"NotStarted", "server":"GENERAL0100001E"}}
{"logTime": "0615/060545", "correlationVector":"KQ953hwen2BqNSSSiZQ1xM","action":"Initial GetUpdates", "result":"", "context":Reason: NEW_CLIENT. cV=KQ953hwen2BqNSSSiZQ1xM}
{"logTime": "0615/060545", "correlationVector":"KQ953hwen2BqNSSSiZQ1xM.2","action":"GetUpdates Response", "result":"Success", "context":Received 1 update(s). cV=KQ953hwen2BqNSSSiZQ1xM.0;server=GENERAL0100001E;cloudType=Consumer;environment=Prod_SoutheastAsia_000j;migrationStage=NotStarted}
{"logTime": "0615/060545", "correlationVector":"6LHGCrQJSKrxE0f/OktkWX","action":"Normal GetUpdate request", "result":"", "context":cV=6LHGCrQJSKrxE0f/OktkWX
Refresh requested types: Device Info, User Consents, Send Tab To Self, Encryption Keys}
{"logTime": "0615/060545", "correlationVector":"6LHGCrQJSKrxE0f/OktkWX.1","action":"SyncServerConnectionManagerRequest", "result":"SYNC_SERVER_OK", "context":{"environment":"Prod_SoutheastAsia_000j", "migrationStage":"NotStarted", "server":"GENERAL0100001E"}}
{"logTime": "0615/060545", "correlationVector":"6LHGCrQJSKrxE0f/OktkWX.2","action":"GetUpdates Response", "result":"Success", "context":Received 0 update(s). cV=6LHGCrQJSKrxE0f/OktkWX.0;server=GENERAL0100001E;cloudType=Consumer;environment=Prod_SoutheastAsia_000j;migrationStage=NotStarted}
{"logTime": "0615/061030", "correlationVector":"9cHuC8RLl2SuLUUV/N/maD","action":"SyncServerConnectionManagerRequest", "result":"SYNC_SERVER_ERROR", "context":{"environment":"", "error_type":"http_status_code", "error_value":"400", "migrationStage":"", "server":""}}
{"logTime": "0615/061030", "correlationVector":"H51YTkNws0W0hJYdoVgvRl","action":"Normal GetUpdate request", "result":"", "context":cV=H51YTkNws0W0hJYdoVgvRl
Refresh requested types: Device Info, User Consents, Send Tab To Self, Encryption Keys}
{"logTime": "0615/061031", "correlationVector":"H51YTkNws0W0hJYdoVgvRl.1","action":"SyncServerConnectionManagerRequest", "result":"SYNC_SERVER_OK", "context":{"environment":"Prod_SoutheastAsia_000j", "migrationStage":"NotStarted", "server":"GENERAL0300000D"}}
{"logTime": "0615/061031", "correlationVector":"H51YTkNws0W0hJYdoVgvRl.2","action":"GetUpdates Response", "result":"Success", "context":Received 0 update(s). cV=H51YTkNws0W0hJYdoVgvRl.0;server=GENERAL0300000D;cloudType=Consumer;environment=Prod_SoutheastAsia_000j;migrationStage=NotStarted}
{"logTime": "0615/070920", "correlationVector":"NZqchUZT//KOuQQjwTBa+P.1","action":"SyncServerConnectionManagerRequest", "result":"SYNC_SERVER_OK", "context":{"environment":"Prod_SoutheastAsia_000j", "migrationStage":"NotStarted", "server":"GENERAL0300001U"}}
{"logTime": "0615/070920", "correlationVector":"NZqchUZT//KOuQQjwTBa+P","action":"Initial GetUpdates", "result":"", "context":Reason: NEW_CLIENT. cV=NZqchUZT//KOuQQjwTBa+P}
{"logTime": "0615/070920", "correlationVector":"NZqchUZT//KOuQQjwTBa+P.2","action":"GetUpdates Response", "result":"Success", "context":Received 1 update(s). cV=NZqchUZT//KOuQQjwTBa+P.0;server=GENERAL0300001U;cloudType=Consumer;environment=Prod_SoutheastAsia_000j;migrationStage=NotStarted}
{"logTime": "0615/070920", "correlationVector":"r16zQvHVgr5N3unFofTb1Y","action":"Normal GetUpdate request", "result":"", "context":cV=r16zQvHVgr5N3unFofTb1Y
Refresh requested types: Device Info, User Consents, Send Tab To Self, Encryption Keys}
{"logTime": "0615/070920", "correlationVector":"r16zQvHVgr5N3unFofTb1Y.1","action":"SyncServerConnectionManagerRequest", "result":"SYNC_SERVER_OK", "context":{"environment":"Prod_SoutheastAsia_000j", "migrationStage":"NotStarted", "server":"GENERAL0300001F"}}
{"logTime": "0615/070920", "correlationVector":"r16zQvHVgr5N3unFofTb1Y.2","action":"GetUpdates Response", "result":"Success", "context":Received 0 update(s). cV=r16zQvHVgr5N3unFofTb1Y.0;server=GENERAL0300001F;cloudType=Consumer;environment=Prod_SoutheastAsia_000j;migrationStage=NotStarted}
{"logTime": "0615/071410", "correlationVector":"Vn7BmyN07qhmwbrVjV2d3a","action":"SyncServerConnectionManagerRequest", "result":"SYNC_SERVER_ERROR", "context":{"environment":"", "error_type":"http_status_code", "error_value":"400", "migrationStage":"", "server":""}}
{"logTime": "0615/071410", "correlationVector":"sWiG+uSB2lAzh9spaaVArN","action":"Normal GetUpdate request", "result":"", "context":cV=sWiG+uSB2lAzh9spaaVArN
Refresh requested types: Device Info, User Consents, Send Tab To Self, Encryption Keys}
{"logTime": "0615/071411", "correlationVector":"sWiG+uSB2lAzh9spaaVArN.1","action":"SyncServerConnectionManagerRequest", "result":"SYNC_SERVER_OK", "context":{"environment":"Prod_SoutheastAsia_000j", "migrationStage":"NotStarted", "server":"GENERAL01000009"}}
{"logTime": "0615/071411", "correlationVector":"sWiG+uSB2lAzh9spaaVArN.2","action":"GetUpdates Response", "result":"Success", "context":Received 0 update(s). cV=sWiG+uSB2lAzh9spaaVArN.0;server=GENERAL01000009;cloudType=Consumer;environment=Prod_SoutheastAsia_000j;migrationStage=NotStarted}
{"logTime": "0615/074201", "correlationVector":"9J6VKIsGiUJVm5PvE/UMR5","action":"SyncServerConnectionManagerRequest", "result":"SYNC_SERVER_ERROR", "context":{"environment":"", "error_type":"http_status_code", "error_value":"400", "migrationStage":"", "server":""}}
{"logTime": "0615/074201", "correlationVector":"vvBkrTDE4W6IC2yUUAXS3q","action":"Normal GetUpdate request", "result":"", "context":cV=vvBkrTDE4W6IC2yUUAXS3q
Refresh requested types: Device Info, User Consents, Send Tab To Self, Encryption Keys}
{"logTime": "0615/074202", "correlationVector":"vvBkrTDE4W6IC2yUUAXS3q.1","action":"SyncServerConnectionManagerRequest", "result":"SYNC_SERVER_OK", "context":{"environment":"Prod_SoutheastAsia_000j", "migrationStage":"NotStarted", "server":"GENERAL0300003A"}}
{"logTime": "0615/074202", "correlationVector":"vvBkrTDE4W6IC2yUUAXS3q.2","action":"GetUpdates Response", "result":"Success", "context":Received 0 update(s). cV=vvBkrTDE4W6IC2yUUAXS3q.0;server=GENERAL0300003A;cloudType=Consumer;environment=Prod_SoutheastAsia_000j;migrationStage=NotStarted}
{"logTime": "0615/074203", "correlationVector":"","action":"AccessTokenFetched", "result":"Same stale AccessToken is retrieved (will retry) for EdgeSyncScopeNew"}
{"logTime": "0615/074203", "correlationVector":"","action":"CredentialsChanged", "result":"Empty token for EdgeSyncScopeNew"}
{"logTime": "0615/080653", "correlationVector":"7VX/6DmqDdmz54xgi7nw7i.1","action":"SyncServerConnectionManagerRequest", "result":"SYNC_SERVER_OK", "context":{"environment":"Prod_SoutheastAsia_000j", "migrationStage":"NotStarted", "server":"GENERAL01000009"}}
{"logTime": "0615/080653", "correlationVector":"7VX/6DmqDdmz54xgi7nw7i","action":"Initial GetUpdates", "result":"", "context":Reason: NEW_CLIENT. cV=7VX/6DmqDdmz54xgi7nw7i}
{"logTime": "0615/080653", "correlationVector":"7VX/6DmqDdmz54xgi7nw7i.2","action":"GetUpdates Response", "result":"Success", "context":Received 1 update(s). cV=7VX/6DmqDdmz54xgi7nw7i.0;server=GENERAL01000009;cloudType=Consumer;environment=Prod_SoutheastAsia_000j;migrationStage=NotStarted}
{"logTime": "0615/080653", "correlationVector":"CSEf7Hsigxc3um4dVGgn/H","action":"Normal GetUpdate request", "result":"", "context":cV=CSEf7Hsigxc3um4dVGgn/H
Refresh requested types: Device Info, User Consents, Send Tab To Self, Encryption Keys}
{"logTime": "0615/080653", "correlationVector":"CSEf7Hsigxc3um4dVGgn/H.1","action":"SyncServerConnectionManagerRequest", "result":"SYNC_SERVER_OK", "context":{"environment":"Prod_SoutheastAsia_000j", "migrationStage":"NotStarted", "server":"GENERAL0100000C"}}
{"logTime": "0615/080653", "correlationVector":"CSEf7Hsigxc3um4dVGgn/H.2","action":"GetUpdates Response", "result":"Success", "context":Received 0 update(s). cV=CSEf7Hsigxc3um4dVGgn/H.0;server=GENERAL0100000C;cloudType=Consumer;environment=Prod_SoutheastAsia_000j;migrationStage=NotStarted}
{"logTime": "0615/081137", "correlationVector":"86ZgI8xyCumkyEMb4cHcMI","action":"SyncServerConnectionManagerRequest", "result":"SYNC_SERVER_ERROR", "context":{"environment":"", "error_type":"http_status_code", "error_value":"400", "migrationStage":"", "server":""}}
{"logTime": "0615/081137", "correlationVector":"4ZvAF4OPwnR5ye89VnS1sI","action":"Normal GetUpdate request", "result":"", "context":cV=4ZvAF4OPwnR5ye89VnS1sI
Refresh requested types: Device Info, User Consents, Send Tab To Self, Encryption Keys}
{"logTime": "0615/081138", "correlationVector":"4ZvAF4OPwnR5ye89VnS1sI.1","action":"SyncServerConnectionManagerRequest", "result":"SYNC_SERVER_OK", "context":{"environment":"Prod_SoutheastAsia_000j", "migrationStage":"NotStarted", "server":"GENERAL0300001D"}}
{"logTime": "0615/081138", "correlationVector":"4ZvAF4OPwnR5ye89VnS1sI.2","action":"GetUpdates Response", "result":"Success", "context":Received 0 update(s). cV=4ZvAF4OPwnR5ye89VnS1sI.0;server=GENERAL0300001D;cloudType=Consumer;environment=Prod_SoutheastAsia_000j;migrationStage=NotStarted}
{"logTime": "0615/083651", "correlationVector":"biO0Tnzjbtkc19lUzTkBTe.1","action":"SyncServerConnectionManagerRequest", "result":"SYNC_SERVER_OK", "context":{"environment":"Prod_SoutheastAsia_000j", "migrationStage":"NotStarted", "server":"GENERAL0100000I"}}
{"logTime": "0615/083651", "correlationVector":"biO0Tnzjbtkc19lUzTkBTe","action":"Initial GetUpdates", "result":"", "context":Reason: NEW_CLIENT. cV=biO0Tnzjbtkc19lUzTkBTe}
{"logTime": "0615/083651", "correlationVector":"biO0Tnzjbtkc19lUzTkBTe.2","action":"GetUpdates Response", "result":"Success", "context":Received 1 update(s). cV=biO0Tnzjbtkc19lUzTkBTe.0;server=GENERAL0100000I;cloudType=Consumer;environment=Prod_SoutheastAsia_000j;migrationStage=NotStarted}
{"logTime": "0615/083651", "correlationVector":"1QzcogPhfC/PK9PiIGz8GE","action":"Normal GetUpdate request", "result":"", "context":cV=1QzcogPhfC/PK9PiIGz8GE
Refresh requested types: Device Info, User Consents, Send Tab To Self, Encryption Keys}
{"logTime": "0615/083651", "correlationVector":"1QzcogPhfC/PK9PiIGz8GE.1","action":"SyncServerConnectionManagerRequest", "result":"SYNC_SERVER_OK", "context":{"environment":"Prod_SoutheastAsia_000j", "migrationStage":"NotStarted", "server":"GENERAL0100000Z"}}
{"logTime": "0615/083651", "correlationVector":"1QzcogPhfC/PK9PiIGz8GE.2","action":"GetUpdates Response", "result":"Success", "context":Received 0 update(s). cV=1QzcogPhfC/PK9PiIGz8GE.0;server=GENERAL0100000Z;cloudType=Consumer;environment=Prod_SoutheastAsia_000j;migrationStage=NotStarted}
{"logTime": "0615/084121", "correlationVector":"0Q/Qla8gVqGCkk0dI3jkK/.1","action":"SyncServerConnectionManagerRequest", "result":"SYNC_SERVER_OK", "context":{"environment":"Prod_SoutheastAsia_000j", "migrationStage":"NotStarted", "server":"GENERAL0300001Z"}}
{"logTime": "0615/084121", "correlationVector":"0Q/Qla8gVqGCkk0dI3jkK/","action":"Initial GetUpdates", "result":"", "context":Reason: NEW_CLIENT. cV=0Q/Qla8gVqGCkk0dI3jkK/}
{"logTime": "0615/084121", "correlationVector":"0Q/Qla8gVqGCkk0dI3jkK/.2","action":"GetUpdates Response", "result":"Success", "context":Received 1 update(s). cV=0Q/Qla8gVqGCkk0dI3jkK/.0;server=GENERAL0300001Z;cloudType=Consumer;environment=Prod_SoutheastAsia_000j;migrationStage=NotStarted}
{"logTime": "0615/084121", "correlationVector":"pm+fcSeE+5ZA4GVOa7j3tB","action":"Normal GetUpdate request", "result":"", "context":cV=pm+fcSeE+5ZA4GVOa7j3tB
Refresh requested types: Device Info, User Consents, Send Tab To Self, Encryption Keys}
{"logTime": "0615/084121", "correlationVector":"pm+fcSeE+5ZA4GVOa7j3tB.1","action":"SyncServerConnectionManagerRequest", "result":"SYNC_SERVER_OK", "context":{"environment":"Prod_SoutheastAsia_000j", "migrationStage":"NotStarted", "server":"GENERAL0100001I"}}
{"logTime": "0615/084121", "correlationVector":"pm+fcSeE+5ZA4GVOa7j3tB.2","action":"GetUpdates Response", "result":"Success", "context":Received 0 update(s). cV=pm+fcSeE+5ZA4GVOa7j3tB.0;server=GENERAL0100001I;cloudType=Consumer;environment=Prod_SoutheastAsia_000j;migrationStage=NotStarted}
{"logTime": "0615/084608", "correlationVector":"SpQaXcYmP5jRnWDIafFGRW","action":"SyncServerConnectionManagerRequest", "result":"SYNC_SERVER_ERROR", "context":{"environment":"", "error_type":"http_status_code", "error_value":"400", "migrationStage":"", "server":""}}
{"logTime": "0615/084608", "correlationVector":"VDcNXYmhyW//WEh4TTO1xC","action":"Normal GetUpdate request", "result":"", "context":cV=VDcNXYmhyW//WEh4TTO1xC
Refresh requested types: Device Info, User Consents, Send Tab To Self, Encryption Keys}
{"logTime": "0615/084609", "correlationVector":"VDcNXYmhyW//WEh4TTO1xC.1","action":"SyncServerConnectionManagerRequest", "result":"SYNC_SERVER_OK", "context":{"environment":"Prod_SoutheastAsia_000j", "migrationStage":"NotStarted", "server":"GENERAL0300003K"}}
{"logTime": "0615/084609", "correlationVector":"VDcNXYmhyW//WEh4TTO1xC.2","action":"GetUpdates Response", "result":"Success", "context":Received 0 update(s). cV=VDcNXYmhyW//WEh4TTO1xC.0;server=GENERAL0300003K;cloudType=Consumer;environment=Prod_SoutheastAsia_000j;migrationStage=NotStarted}
{"logTime": "0615/092148", "correlationVector":"BezjmBCe4ZvUw5RvcOIaH7.1","action":"SyncServerConnectionManagerRequest", "result":"SYNC_SERVER_OK", "context":{"environment":"Prod_SoutheastAsia_000j", "migrationStage":"NotStarted", "server":"GENERAL0300001Z"}}
{"logTime": "0615/092148", "correlationVector":"BezjmBCe4ZvUw5RvcOIaH7","action":"Initial GetUpdates", "result":"", "context":Reason: NEW_CLIENT. cV=BezjmBCe4ZvUw5RvcOIaH7}
{"logTime": "0615/092148", "correlationVector":"BezjmBCe4ZvUw5RvcOIaH7.2","action":"GetUpdates Response", "result":"Success", "context":Received 1 update(s). cV=BezjmBCe4ZvUw5RvcOIaH7.0;server=GENERAL0300001Z;cloudType=Consumer;environment=Prod_SoutheastAsia_000j;migrationStage=NotStarted}
{"logTime": "0615/092148", "correlationVector":"X6a2jdN4HqtBzymZW50G0u","action":"Normal GetUpdate request", "result":"", "context":cV=X6a2jdN4HqtBzymZW50G0u
Refresh requested types: Device Info, User Consents, Send Tab To Self, Encryption Keys}
{"logTime": "0615/092148", "correlationVector":"X6a2jdN4HqtBzymZW50G0u.1","action":"SyncServerConnectionManagerRequest", "result":"SYNC_SERVER_OK", "context":{"environment":"Prod_SoutheastAsia_000j", "migrationStage":"NotStarted", "server":"GENERAL0100000G"}}
{"logTime": "0615/092148", "correlationVector":"X6a2jdN4HqtBzymZW50G0u.2","action":"GetUpdates Response", "result":"Success", "context":Received 0 update(s). cV=X6a2jdN4HqtBzymZW50G0u.0;server=GENERAL0100000G;cloudType=Consumer;environment=Prod_SoutheastAsia_000j;migrationStage=NotStarted}
{"logTime": "0615/092633", "correlationVector":"rJPC2djTA0D+fUQp6diZQ/","action":"SyncServerConnectionManagerRequest", "result":"SYNC_SERVER_ERROR", "context":{"environment":"", "error_type":"http_status_code", "error_value":"400", "migrationStage":"", "server":""}}
{"logTime": "0615/092633", "correlationVector":"VF8k8Cqh+rEsG1vmc0yFk6","action":"Normal GetUpdate request", "result":"", "context":cV=VF8k8Cqh+rEsG1vmc0yFk6
Refresh requested types: Device Info, User Consents, Send Tab To Self, Encryption Keys}
{"logTime": "0615/092634", "correlationVector":"VF8k8Cqh+rEsG1vmc0yFk6.1","action":"SyncServerConnectionManagerRequest", "result":"SYNC_SERVER_OK", "context":{"environment":"Prod_SoutheastAsia_000j", "migrationStage":"NotStarted", "server":"GENERAL0100000I"}}
{"logTime": "0615/092634", "correlationVector":"VF8k8Cqh+rEsG1vmc0yFk6.2","action":"GetUpdates Response", "result":"Success", "context":Received 0 update(s). cV=VF8k8Cqh+rEsG1vmc0yFk6.0;server=GENERAL0100000I;cloudType=Consumer;environment=Prod_SoutheastAsia_000j;migrationStage=NotStarted}
{"logTime": "0615/105810", "correlationVector":"cy0nimhGB+Rl2sE9sYjNFJ","action":"SyncServerConnectionManagerRequest", "result":"SYNC_SERVER_ERROR", "context":{"environment":"", "error_type":"http_status_code", "error_value":"400", "migrationStage":"", "server":""}}
{"logTime": "0615/105810", "correlationVector":"NXSp+6IL0pEwJnfu0/rK7y","action":"Normal GetUpdate request", "result":"", "context":cV=NXSp+6IL0pEwJnfu0/rK7y
Notified types: Device Info}
{"logTime": "0615/105811", "correlationVector":"NXSp+6IL0pEwJnfu0/rK7y.1","action":"SyncServerConnectionManagerRequest", "result":"SYNC_SERVER_OK", "context":{"environment":"Prod_SoutheastAsia_000j", "migrationStage":"NotStarted", "server":"GENERAL01000007"}}
{"logTime": "0615/105811", "correlationVector":"NXSp+6IL0pEwJnfu0/rK7y.2","action":"GetUpdates Response", "result":"Success", "context":Received 1 update(s). cV=NXSp+6IL0pEwJnfu0/rK7y.0;server=GENERAL01000007;cloudType=Consumer;environment=Prod_SoutheastAsia_000j;migrationStage=NotStarted}
{"logTime": "0615/105812", "correlationVector":"","action":"AccessTokenFetched", "result":"Same stale AccessToken is retrieved (will retry) for EdgeSyncScopeNew"}
{"logTime": "0615/105812", "correlationVector":"","action":"CredentialsChanged", "result":"Empty token for EdgeSyncScopeNew"}
